<?xml version="1.0" encoding="utf-8"?>
<?AutomationStudio Version="4.2.5.388"?>
<Objects>
  <Object
    Path="D:\Lab1\lab1\Logical\Package.pkg"
    LogicalPath=""
    Type="Package"
    LastWriteTime="131701694260000000" />
  <Object
    Path="D:\Lab1\lab1\Logical\Global.typ"
    LogicalPath="Global.typ"
    Type="File"
    LastWriteTime="131701693160000000"
    Private="false" />
  <Object
    Path="D:\Lab1\lab1\Logical\Global.var"
    LogicalPath="Global.var"
    Type="File"
    LastWriteTime="131701693160000000"
    Private="false" />
  <Object
    Path="D:\Lab1\lab1\Logical\Libraries\Package.pkg"
    LogicalPath="Libraries"
    Type="Package"
    LastWriteTime="131701695140000000" />
  <Object
    Path="D:\Lab1\lab1\Logical\Libraries\operator\Binary.lby"
    LogicalPath="Libraries.operator"
    Type="Library"
    LastWriteTime="131701693160000000" />
  <Object
    Path="D:\Lab1\lab1\Logical\Libraries\operator\operator.fun"
    LogicalPath="Libraries.operator.operator.fun"
    Type="File"
    LastWriteTime="131701693160000000"
    Private="false" />
  <Object
    Path="D:\Lab1\lab1\Logical\Libraries\operator\operator.typ"
    LogicalPath="Libraries.operator.operator.typ"
    Type="File"
    LastWriteTime="131701693160000000"
    Private="false" />
  <Object
    Path="D:\Lab1\lab1\Logical\Libraries\operator\operator.var"
    LogicalPath="Libraries.operator.operator.var"
    Type="File"
    LastWriteTime="131701693160000000"
    Private="false" />
  <Object
    Path="D:\Lab1\lab1\Logical\Libraries\runtime\Binary.lby"
    LogicalPath="Libraries.runtime"
    Type="Library"
    LastWriteTime="131701693200000000" />
  <Object
    Path="D:\Lab1\lab1\Logical\Libraries\runtime\runtime.fun"
    LogicalPath="Libraries.runtime.runtime.fun"
    Type="File"
    LastWriteTime="131701693200000000"
    Private="false" />
  <Object
    Path="D:\Lab1\lab1\Logical\Libraries\runtime\runtime.typ"
    LogicalPath="Libraries.runtime.runtime.typ"
    Type="File"
    LastWriteTime="131701693200000000"
    Private="false" />
  <Object
    Path="D:\Lab1\lab1\Logical\Libraries\runtime\runtime.var"
    LogicalPath="Libraries.runtime.runtime.var"
    Type="File"
    LastWriteTime="131701693200000000"
    Private="false" />
  <Object
    Path="D:\Lab1\lab1\Logical\Libraries\astime\Binary.lby"
    LogicalPath="Libraries.astime"
    Type="Library"
    LastWriteTime="131701693220000000" />
  <Object
    Path="D:\Lab1\lab1\Logical\Libraries\astime\astime.fun"
    LogicalPath="Libraries.astime.astime.fun"
    Type="File"
    LastWriteTime="131701693220000000"
    Private="false" />
  <Object
    Path="D:\Lab1\lab1\Logical\Libraries\astime\astime.typ"
    LogicalPath="Libraries.astime.astime.typ"
    Type="File"
    LastWriteTime="131701693220000000"
    Private="false" />
  <Object
    Path="D:\Lab1\lab1\Logical\Libraries\astime\astime.var"
    LogicalPath="Libraries.astime.astime.var"
    Type="File"
    LastWriteTime="131701693220000000"
    Private="false" />
  <Object
    Path="D:\Lab1\lab1\Logical\Libraries\AsIecCon\Binary.lby"
    LogicalPath="Libraries.AsIecCon"
    Type="Library"
    LastWriteTime="131701693240000000" />
  <Object
    Path="D:\Lab1\lab1\Logical\Libraries\AsIecCon\AsIecCon.fun"
    LogicalPath="Libraries.AsIecCon.AsIecCon.fun"
    Type="File"
    LastWriteTime="131701693240000000"
    Private="false" />
  <Object
    Path="D:\Lab1\lab1\Logical\Libraries\AsIecCon\AsIecCon.typ"
    LogicalPath="Libraries.AsIecCon.AsIecCon.typ"
    Type="File"
    LastWriteTime="131701693240000000"
    Private="false" />
  <Object
    Path="D:\Lab1\lab1\Logical\Libraries\AsIecCon\AsIecCon.var"
    LogicalPath="Libraries.AsIecCon.AsIecCon.var"
    Type="File"
    LastWriteTime="131701693240000000"
    Private="false" />
  <Object
    Path="D:\Lab1\lab1\Logical\Libraries\MororC\ANSIC.lby"
    LogicalPath="Libraries.MororC"
    Type="Library"
    LastWriteTime="131701727420000000" />
  <Object
    Path="D:\Lab1\lab1\Logical\Libraries\MororC\Types.typ"
    LogicalPath="Libraries.MororC.Types.typ"
    Type="File"
    LastWriteTime="131701694560000000"
    Private="false" />
  <Object
    Path="D:\Lab1\lab1\Logical\Libraries\MororC\Constants.var"
    LogicalPath="Libraries.MororC.Constants.var"
    Type="File"
    LastWriteTime="131701694560000000"
    Private="false" />
  <Object
    Path="D:\Lab1\lab1\Logical\Libraries\MororC\MororC.fun"
    LogicalPath="Libraries.MororC.MororC.fun"
    Type="File"
    LastWriteTime="131701761080000000"
    Private="false" />
  <Object
    Path="D:\Lab1\lab1\Logical\Libraries\MororC\FB_Motor.c"
    LogicalPath="Libraries.MororC.FB_Motor.c"
    Type="File"
    LastWriteTime="131701721960000000"
    Private="false" />
  <Object
    Path="D:\Lab1\lab1\Logical\Libraries\MororC\FB_Integrator.c"
    LogicalPath="Libraries.MororC.FB_Integrator.c"
    Type="File"
    LastWriteTime="131701721960000000"
    Private="false" />
  <Object
    Path="D:\Lab1\lab1\Logical\Libraries\MororC\FB_Regulator.c"
    LogicalPath="Libraries.MororC.FB_Regulator.c"
    Type="File"
    LastWriteTime="131701727940000000"
    Private="false" />
  <Object
    Path="D:\Lab1\lab1\Logical\Program\ANSIC.prg"
    LogicalPath="Program"
    Type="Program"
    LastWriteTime="131701780780000000" />
  <Object
    Path="D:\Lab1\lab1\Logical\Program\Main.c"
    LogicalPath="Program.Main.c"
    Type="File"
    LastWriteTime="131701785040000000"
    Private="false" />
  <Object
    Path="D:\Lab1\lab1\Logical\Program\Variables.var"
    LogicalPath="Program.Variables.var"
    Type="File"
    LastWriteTime="131701784180000000"
    Private="true" />
  <Object
    Path="D:\Lab1\lab1\Physical\Config1\Config.pkg"
    LogicalPath="Config1"
    Type="Configuration"
    LastWriteTime="131701693440000000" />
  <Object
    Path="D:\Lab1\lab1\Physical\Config1\Hardware.hw"
    LogicalPath="Config1.Hardware.hw"
    Type="File"
    LastWriteTime="131701793600000000"
    Private="false" />
  <Object
    Path="D:\Lab1\lab1\Physical\Config1\Hardware.hwl"
    LogicalPath="Config1.Hardware.hwl"
    Type="File"
    LastWriteTime="131701777580000000"
    Private="false" />
  <Object
    Path="D:\Lab1\lab1\Physical\Config1\4PP065_0351_P74\Cpu.pkg"
    LogicalPath="Config1.4PP065_0351_P74"
    Type="Cpu"
    LastWriteTime="131701693360000000" />
  <Object
    Path="D:\Lab1\lab1\Physical\Config1\4PP065_0351_P74\Cpu.sw"
    LogicalPath="Config1.4PP065_0351_P74.Cpu.sw"
    Type="File"
    LastWriteTime="131701695160000000"
    Private="false" />
  <Object
    Path="D:\Lab1\lab1\Physical\Config1\4PP065_0351_P74\Cpu.per"
    LogicalPath="Config1.4PP065_0351_P74.Cpu.per"
    Type="File"
    LastWriteTime="131701693240000000"
    Private="false" />
  <Object
    Path="D:\Lab1\lab1\Physical\Config1\4PP065_0351_P74\IoMap.iom"
    LogicalPath="Config1.4PP065_0351_P74.IoMap.iom"
    Type="File"
    LastWriteTime="131701693240000000"
    Private="false" />
  <Object
    Path="D:\Lab1\lab1\Physical\Config1\4PP065_0351_P74\PvMap.vvm"
    LogicalPath="Config1.4PP065_0351_P74.PvMap.vvm"
    Type="File"
    LastWriteTime="131701693240000000"
    Private="false" />
  <Object
    Path="D:\Lab1\lab1\Physical\Config1\4PP065_0351_P74\mapp\Package.pkg"
    LogicalPath="Config1.4PP065_0351_P74.mapp"
    Type="Package"
    LastWriteTime="131701693240000000" />
  <Object
    Path="D:\Lab1\lab1\Physical\Config1\4PP065_0351_P74\Connectivity\Package.pkg"
    LogicalPath="Config1.4PP065_0351_P74.Connectivity"
    Type="Package"
    LastWriteTime="131701693260000000" />
  <Object
    Path="D:\Lab1\lab1\Physical\Config1\4PP065_0351_P74\Connectivity\OpcUA\Package.pkg"
    LogicalPath="Config1.4PP065_0351_P74.Connectivity.OpcUA"
    Type="Package"
    LastWriteTime="131701693260000000" />
  <Object
    Path="D:\Lab1\lab1\Physical\Config1\4PP065_0351_P74\TextSystem\Package.pkg"
    LogicalPath="Config1.4PP065_0351_P74.TextSystem"
    Type="Package"
    LastWriteTime="131701693260000000" />
  <Object
    Path="D:\Lab1\lab1\Physical\Config1\4PP065_0351_P74\AccessAndSecurity\Package.pkg"
    LogicalPath="Config1.4PP065_0351_P74.AccessAndSecurity"
    Type="Package"
    LastWriteTime="131701693260000000" />
  <Object
    Path="D:\Lab1\lab1\Physical\Config1\4PP065_0351_P74\AccessAndSecurity\UserRoleSystem\Package.pkg"
    LogicalPath="Config1.4PP065_0351_P74.AccessAndSecurity.UserRoleSystem"
    Type="Package"
    LastWriteTime="131701693260000000" />
  <Object
    Path="D:\Lab1\lab1\Physical\Config1\4PP065_0351_P74\AccessAndSecurity\UserRoleSystem\Role.role"
    LogicalPath="Config1.4PP065_0351_P74.AccessAndSecurity.UserRoleSystem.Role.role"
    Type="File"
    LastWriteTime="131701693260000000"
    Private="false" />
  <Object
    Path="D:\Lab1\lab1\Physical\Config1\4PP065_0351_P74\AccessAndSecurity\UserRoleSystem\User.user"
    LogicalPath="Config1.4PP065_0351_P74.AccessAndSecurity.UserRoleSystem.User.user"
    Type="File"
    LastWriteTime="131701693260000000"
    Private="false" />
  <Object
    Path="D:\Lab1\lab1\Physical\Config1\4PP065_0351_P74\AccessAndSecurity\CertificateStore\Package.pkg"
    LogicalPath="Config1.4PP065_0351_P74.AccessAndSecurity.CertificateStore"
    Type="Package"
    LastWriteTime="131701693260000000" />
  <Object
    Path="D:\Lab1\lab1\Physical\Config1\4PP065_0351_P74\AccessAndSecurity\CertificateStore\OwnCertificates\Package.pkg"
    LogicalPath="Config1.4PP065_0351_P74.AccessAndSecurity.CertificateStore.OwnCertificates"
    Type="Package"
    LastWriteTime="131701693260000000" />
  <Object
    Path="D:\Lab1\lab1\Physical\Config1\4PP065_0351_P74\AccessAndSecurity\CertificateStore\OwnCertificates\Certificates\Package.pkg"
    LogicalPath="Config1.4PP065_0351_P74.AccessAndSecurity.CertificateStore.OwnCertificates.Certificates"
    Type="Package"
    LastWriteTime="131701693260000000" />
  <Object
    Path="D:\Lab1\lab1\Physical\Config1\4PP065_0351_P74\AccessAndSecurity\CertificateStore\OwnCertificates\PrivateKeys\Package.pkg"
    LogicalPath="Config1.4PP065_0351_P74.AccessAndSecurity.CertificateStore.OwnCertificates.PrivateKeys"
    Type="Package"
    LastWriteTime="131701693260000000" />
  <Object
    Path="D:\Lab1\lab1\Physical\Config1\4PP065_0351_P74\AccessAndSecurity\CertificateStore\ThirdPartyCertificates\Package.pkg"
    LogicalPath="Config1.4PP065_0351_P74.AccessAndSecurity.CertificateStore.ThirdPartyCertificates"
    Type="Package"
    LastWriteTime="131701693260000000" />
  <Object
    Path="D:\Lab1\lab1\Physical\Config1\4PP065_0351_P74\AccessAndSecurity\CertificateStore\ThirdPartyCertificates\SoftwareCertificates\Package.pkg"
    LogicalPath="Config1.4PP065_0351_P74.AccessAndSecurity.CertificateStore.ThirdPartyCertificates.SoftwareCertificates"
    Type="Package"
    LastWriteTime="131701693260000000" />
  <Object
    Path="D:\Lab1\lab1\Physical\Config1\4PP065_0351_P74\AccessAndSecurity\CertificateStore\CertificateRevocationLists\Package.pkg"
    LogicalPath="Config1.4PP065_0351_P74.AccessAndSecurity.CertificateStore.CertificateRevocationLists"
    Type="Package"
    LastWriteTime="131701693260000000" />
  <Object
    Path="D:\Lab1\lab1\Physical\Config1\4PP065_0351_P74\AccessAndSecurity\CertificateStore\CertificateSigningRequests\Package.pkg"
    LogicalPath="Config1.4PP065_0351_P74.AccessAndSecurity.CertificateStore.CertificateSigningRequests"
    Type="Package"
    LastWriteTime="131701693260000000" />
  <Object
    Path="D:\Lab1\lab1\Physical\Config1\4PP065_0351_P74\AccessAndSecurity\TransportLayerSecurity\Package.pkg"
    LogicalPath="Config1.4PP065_0351_P74.AccessAndSecurity.TransportLayerSecurity"
    Type="Package"
    LastWriteTime="131701693260000000" />
  <Object
    Path="D:\Lab1\lab1\Physical\Config1\4PP065_0351_P74\VC\Package.pkg"
    LogicalPath="Config1.4PP065_0351_P74.VC"
    Type="Package"
    LastWriteTime="131701693380000000" />
  <Object
    Path="D:\Lab1\lab1\Physical\Config1\4PP065_0351_P74\VC\4PP065_0351_P74.dis"
    LogicalPath="Config1.4PP065_0351_P74.VC.4PP065_0351_P74.dis"
    Type="File"
    LastWriteTime="131701693380000000"
    Private="false" />
  <Object
    Path="D:\Lab1\lab1\Physical\Config1\Hardware.jpg"
    LogicalPath="Config1.Hardware.jpg"
    Type="File"
    LastWriteTime="131708617760000000"
    Private="false" />
  <Object
    Path="D:\Lab1\lab1\Logical\Libraries\AsIecCon\SG4\AsIecCon.h"
    LogicalPath="AsIecCon.h"
    Type="File"
    LastWriteTime="131118756580000000"
    Private="false" />
  <Object
    Path="D:\Lab1\lab1\Logical\Libraries\astime\SG4\astime.h"
    LogicalPath="astime.h"
    Type="File"
    LastWriteTime="131118756660000000"
    Private="false" />
  <Object
    Path="D:\Lab1\lab1\Logical\Libraries\MororC\SG4\MororC.h"
    LogicalPath="MororC.h"
    Type="File"
    LastWriteTime="0"
    Private="false" />
  <Object
    Path="D:\Lab1\lab1\Logical\Libraries\operator\SG4\operator.h"
    LogicalPath="operator.h"
    Type="File"
    LastWriteTime="131118756700000000"
    Private="false" />
  <Object
    Path="D:\Lab1\lab1\Logical\Libraries\runtime\SG4\runtime.h"
    LogicalPath="runtime.h"
    Type="File"
    LastWriteTime="131118756700000000"
    Private="false" />
</Objects>